[33mtslint-to-eslint-config does not know the ESLint equivalent for TSLint's "comment-type"[39m
[33mtslint-to-eslint-config does not know the ESLint equivalent for TSLint's "completed-docs"[39m
[33mtslint-to-eslint-config does not know the ESLint equivalent for TSLint's "encoding"[39m
[33mtslint-to-eslint-config does not know the ESLint equivalent for TSLint's "import-spacing"[39m
[33mtslint-to-eslint-config does not know the ESLint equivalent for TSLint's "invalid-void"[39m
[33mtslint-to-eslint-config does not know the ESLint equivalent for TSLint's "jsdoc-format"[39m
[33mtslint-to-eslint-config does not know the ESLint equivalent for TSLint's "match-default-export-name"[39m
[33mtslint-to-eslint-config does not know the ESLint equivalent for TSLint's "no-boolean-literal-compare"[39m
[33mtslint-to-eslint-config does not know the ESLint equivalent for TSLint's "no-default-import"[39m
[33mtslint-to-eslint-config does not know the ESLint equivalent for TSLint's "no-dynamic-delete"[39m
[33mtslint-to-eslint-config does not know the ESLint equivalent for TSLint's "no-inferred-empty-object-type"[39m
[33mtslint-to-eslint-config does not know the ESLint equivalent for TSLint's "no-mergeable-namespace"[39m
[33mtslint-to-eslint-config does not know the ESLint equivalent for TSLint's "no-null-undefined-union"[39m
[33mtslint-to-eslint-config does not know the ESLint equivalent for TSLint's "no-promise-as-boolean"[39m
[33mtslint-to-eslint-config does not know the ESLint equivalent for TSLint's "no-reference-import"[39m
[33mtslint-to-eslint-config does not know the ESLint equivalent for TSLint's "no-restricted-globals"[39m
[33mtslint-to-eslint-config does not know the ESLint equivalent for TSLint's "no-tautology-expression"[39m
[33mtslint-to-eslint-config does not know the ESLint equivalent for TSLint's "no-unnecessary-callback-wrapper"[39m
[33mtslint-to-eslint-config does not know the ESLint equivalent for TSLint's "no-unsafe-any"[39m
[33mtslint-to-eslint-config does not know the ESLint equivalent for TSLint's "number-literal-format"[39m
[33mtslint-to-eslint-config does not know the ESLint equivalent for TSLint's "object-literal-sort-keys"[39m
[33mtslint-to-eslint-config does not know the ESLint equivalent for TSLint's "one-line"[39m
[33mtslint-to-eslint-config does not know the ESLint equivalent for TSLint's "prefer-conditional-expression"[39m
[33mtslint-to-eslint-config does not know the ESLint equivalent for TSLint's "prefer-method-signature"[39m
[33mtslint-to-eslint-config does not know the ESLint equivalent for TSLint's "prefer-switch"[39m
[33mtslint-to-eslint-config does not know the ESLint equivalent for TSLint's "prefer-while"[39m
[33mtslint-to-eslint-config does not know the ESLint equivalent for TSLint's "return-undefined"[39m
[33mtslint-to-eslint-config does not know the ESLint equivalent for TSLint's "static-this"[39m
[33mtslint-to-eslint-config does not know the ESLint equivalent for TSLint's "strict-comparisons"[39m
[33mtslint-to-eslint-config does not know the ESLint equivalent for TSLint's "strict-string-expressions"[39m
[33mtslint-to-eslint-config does not know the ESLint equivalent for TSLint's "strict-type-predicates"[39m
[33mtslint-to-eslint-config does not know the ESLint equivalent for TSLint's "switch-final-break"[39m
[33mtslint-to-eslint-config does not know the ESLint equivalent for TSLint's "typedef"[39m
[33mtslint-to-eslint-config does not know the ESLint equivalent for TSLint's "unnecessary-else"[39m
[33mtslint-to-eslint-config does not know the ESLint equivalent for TSLint's "whitespace"[39m
[33m[39m