Looking for git in: C:\Program Files\Git\cmd\git.exe
Looking for git in: C:\Program Files (x86)\Git\cmd\git.exe
Looking for git in: C:\Program Files\Git\cmd\git.exe
Looking for git in: C:\Users\duoyi\AppData\Local\Programs\Git\cmd\git.exe
Looking for git in: C:\Users\duoyi\AppData\Local\GitHubDesktop\app-1.6.5\resources\app\git\cmd\git.exe
Using git 2.19.2.windows.1 from C:\Users\duoyi\AppData\Local\GitHubDesktop\app-1.6.5\resources\app\git\cmd\git.exe
> git rev-parse --show-toplevel
> git config --get commit.template
Open repository: d:\projects\universe
> git status -z -u
> git symbolic-ref --short HEAD
> git rev-parse master
> git rev-parse --symbolic-full-name master@{u}
> git rev-list --left-right master...refs/remotes/origin/master
> git for-each-ref --format %(refname) %(objectname) --sort -committerdate
> git remote --verbose
> git check-ignore -z --stdin
> git check-ignore -z --stdin
> git show :cheatsheets/vscode.md
> git check-ignore -z --stdin
> git show :cheatsheets/vscode.md
> git status -z -u
> git symbolic-ref --short HEAD
> git rev-parse master
> git rev-parse --symbolic-full-name master@{u}
> git rev-list --left-right master...refs/remotes/origin/master
> git for-each-ref --format %(refname) %(objectname) --sort -committerdate
> git remote --verbose
> git status -z -u
> git symbolic-ref --short HEAD
> git rev-parse master
> git rev-parse --symbolic-full-name master@{u}
> git rev-list --left-right master...refs/remotes/origin/master
> git for-each-ref --format %(refname) %(objectname) --sort -committerdate
> git remote --verbose
