[2019-04-24 20:48:46.339] [exthost] [info] extension host started
[2019-04-24 20:48:46.355] [exthost] [info] ExtensionService#_doActivateExtension vscode.debug-auto-launch {"startup":true,"activationEvent":"*"}
[2019-04-24 20:48:46.355] [exthost] [info] ExtensionService#loadCommonJSModule c:\softwares\VSCode-win32-x64-1.33.1\resources\app\extensions\debug-auto-launch\dist\extension
[2019-04-24 20:48:46.358] [exthost] [info] ExtensionService#_doActivateExtension vscode.emmet {"startup":true,"activationEvent":"*"}
[2019-04-24 20:48:46.358] [exthost] [info] ExtensionService#loadCommonJSModule c:\softwares\VSCode-win32-x64-1.33.1\resources\app\extensions\emmet\dist\extension
[2019-04-24 20:48:46.373] [exthost] [info] ExtensionService#_doActivateExtension vscode.git {"startup":true,"activationEvent":"*"}
[2019-04-24 20:48:46.373] [exthost] [info] ExtensionService#loadCommonJSModule c:\softwares\VSCode-win32-x64-1.33.1\resources\app\extensions\git\dist\main
[2019-04-24 20:48:46.459] [exthost] [info] ExtensionService#_doActivateExtension vscode.merge-conflict {"startup":true,"activationEvent":"*"}
[2019-04-24 20:48:46.459] [exthost] [info] ExtensionService#loadCommonJSModule c:\softwares\VSCode-win32-x64-1.33.1\resources\app\extensions\merge-conflict\dist\extension
[2019-04-24 20:48:46.466] [exthost] [info] eager extensions activated
[2019-04-24 20:49:00.629] [exthost] [info] ExtensionService#_doActivateExtension vscode.configuration-editing {"startup":false,"activationEvent":"onLanguage:jsonc"}
[2019-04-24 20:49:00.629] [exthost] [info] ExtensionService#loadCommonJSModule c:\softwares\VSCode-win32-x64-1.33.1\resources\app\extensions\configuration-editing\dist\extension
[2019-04-24 20:49:00.635] [exthost] [info] ExtensionService#_doActivateExtension vscode.json-language-features {"startup":false,"activationEvent":"onLanguage:jsonc"}
[2019-04-24 20:49:00.635] [exthost] [info] ExtensionService#loadCommonJSModule c:\softwares\VSCode-win32-x64-1.33.1\resources\app\extensions\json-language-features\client\dist\jsonMain
[2019-04-24 20:49:00.685] [exthost] [info] ExtensionService#_doActivateExtension vscode.typescript-language-features {"startup":false,"activationEvent":"onLanguage:jsonc"}
[2019-04-24 20:49:00.685] [exthost] [info] ExtensionService#loadCommonJSModule c:\softwares\VSCode-win32-x64-1.33.1\resources\app\extensions\typescript-language-features\dist\extension
[2019-04-24 20:50:21.514] [exthost] [info] extension host started
[2019-04-24 20:50:21.526] [exthost] [info] ExtensionService#_doActivateExtension vscode.debug-auto-launch {"startup":true,"activationEvent":"*"}
[2019-04-24 20:50:21.526] [exthost] [info] ExtensionService#loadCommonJSModule c:\softwares\VSCode-win32-x64-1.33.1\resources\app\extensions\debug-auto-launch\dist\extension
[2019-04-24 20:50:21.528] [exthost] [info] ExtensionService#_doActivateExtension vscode.emmet {"startup":true,"activationEvent":"*"}
[2019-04-24 20:50:21.528] [exthost] [info] ExtensionService#loadCommonJSModule c:\softwares\VSCode-win32-x64-1.33.1\resources\app\extensions\emmet\dist\extension
[2019-04-24 20:50:21.531] [exthost] [info] ExtensionService#_doActivateExtension vscode.git {"startup":true,"activationEvent":"*"}
[2019-04-24 20:50:21.531] [exthost] [info] ExtensionService#loadCommonJSModule c:\softwares\VSCode-win32-x64-1.33.1\resources\app\extensions\git\dist\main
[2019-04-24 20:50:21.551] [exthost] [info] ExtensionService#_doActivateExtension vscode.merge-conflict {"startup":true,"activationEvent":"*"}
[2019-04-24 20:50:21.551] [exthost] [info] ExtensionService#loadCommonJSModule c:\softwares\VSCode-win32-x64-1.33.1\resources\app\extensions\merge-conflict\dist\extension
[2019-04-24 20:50:21.553] [exthost] [info] eager extensions activated
[2019-04-24 20:50:33.180] [exthost] [info] ExtensionService#_doActivateExtension vscode.extension-editing {"startup":false,"activationEvent":"onLanguage:markdown"}
[2019-04-24 20:50:33.180] [exthost] [info] ExtensionService#loadCommonJSModule c:\softwares\VSCode-win32-x64-1.33.1\resources\app\extensions\extension-editing\dist\extension
[2019-04-24 20:50:33.214] [exthost] [info] ExtensionService#_doActivateExtension vscode.markdown-language-features {"startup":false,"activationEvent":"onLanguage:markdown"}
[2019-04-24 20:50:33.214] [exthost] [info] ExtensionService#loadCommonJSModule c:\softwares\VSCode-win32-x64-1.33.1\resources\app\extensions\markdown-language-features\dist\extension
[2019-04-24 20:50:33.288] [exthost] [info] ExtensionService#_doActivateExtension shd101wyy.markdown-preview-enhanced {"startup":false,"activationEvent":"onLanguage:markdown"}
[2019-04-24 20:50:33.288] [exthost] [info] ExtensionService#loadCommonJSModule C:\softwares\VSCode-win32-x64-1.33.1\data\extensions\shd101wyy.markdown-preview-enhanced-0.3.13\out\src\extension
